[debug] [2023-04-18T14:55:20.871Z] ----------------------------------------------------------------------
[debug] [2023-04-18T14:55:20.874Z] Command:       C:\Program Files\nodejs\node.exe C:\Users\mgane\AppData\Roaming\npm\node_modules\firebase-tools\lib\bin\firebase.js init
[debug] [2023-04-18T14:55:20.875Z] CLI Version:   11.16.1
[debug] [2023-04-18T14:55:20.875Z] Platform:      win32
[debug] [2023-04-18T14:55:20.875Z] Node Version:  v19.3.0
[debug] [2023-04-18T14:55:20.875Z] Time:          Tue Apr 18 2023 17:55:20 GMT+0300 (Eastern European Summer Time)
[debug] [2023-04-18T14:55:20.875Z] ----------------------------------------------------------------------
[debug] 
[debug] [2023-04-18T14:55:20.931Z] > command requires scopes: ["email","openid","https://www.googleapis.com/auth/cloudplatformprojects.readonly","https://www.googleapis.com/auth/firebase","https://www.googleapis.com/auth/cloud-platform"]
[debug] [2023-04-18T14:55:20.931Z] > authorizing via signed-in user (m.ganev01@gmail.com)
[info] 
     ######## #### ########  ######## ########     ###     ######  ########
     ##        ##  ##     ## ##       ##     ##  ##   ##  ##       ##
     ######    ##  ########  ######   ########  #########  ######  ######
     ##        ##  ##    ##  ##       ##     ## ##     ##       ## ##
     ##       #### ##     ## ######## ########  ##     ##  ######  ########

You're about to initialize a Firebase project in this directory:

  C:\CODE\NewAttemptApp

Before we get started, keep in mind:

  * You are currently outside your home directory
  * You are initializing within an existing Firebase project directory

